Making all in include
make[1]: Entering directory '/home/craig/software/nwchemgpu/src/nwdft/include'
make[2]: Entering directory '/home/craig/software/nwchemgpu/src/nwdft/include'
make[2]: Leaving directory '/home/craig/software/nwchemgpu/src/nwdft/include'
make[1]: Leaving directory '/home/craig/software/nwchemgpu/src/nwdft/include'
Making all in input_dft
make[1]: Entering directory '/home/craig/software/nwchemgpu/src/nwdft/input_dft'
make[2]: Entering directory '/home/craig/software/nwchemgpu/src/nwdft/input_dft'
make[2]: Leaving directory '/home/craig/software/nwchemgpu/src/nwdft/input_dft'
make[1]: Leaving directory '/home/craig/software/nwchemgpu/src/nwdft/input_dft'
Making all in scf_dft
make[1]: Entering directory '/home/craig/software/nwchemgpu/src/nwdft/scf_dft'
make[2]: Entering directory '/home/craig/software/nwchemgpu/src/nwdft/scf_dft'
make[2]: Nothing to be done for '/home/craig/software/nwchemgpu/lib/LINUX64/libnwdft.a'.
make[2]: Leaving directory '/home/craig/software/nwchemgpu/src/nwdft/scf_dft'
make[2]: Entering directory '/home/craig/software/nwchemgpu/src/nwdft/scf_dft'
make[2]: Leaving directory '/home/craig/software/nwchemgpu/src/nwdft/scf_dft'
make[1]: Leaving directory '/home/craig/software/nwchemgpu/src/nwdft/scf_dft'
Making all in scf_dft_cg
make[1]: Entering directory '/home/craig/software/nwchemgpu/src/nwdft/scf_dft_cg'
make[2]: Entering directory '/home/craig/software/nwchemgpu/src/nwdft/scf_dft_cg'
make[2]: Leaving directory '/home/craig/software/nwchemgpu/src/nwdft/scf_dft_cg'
make[1]: Leaving directory '/home/craig/software/nwchemgpu/src/nwdft/scf_dft_cg'
Making all in so_dft
make[1]: Entering directory '/home/craig/software/nwchemgpu/src/nwdft/so_dft'
make[2]: Entering directory '/home/craig/software/nwchemgpu/src/nwdft/so_dft'
make[2]: Leaving directory '/home/craig/software/nwchemgpu/src/nwdft/so_dft'
make[1]: Leaving directory '/home/craig/software/nwchemgpu/src/nwdft/so_dft'
Making all in coulomb
make[1]: Entering directory '/home/craig/software/nwchemgpu/src/nwdft/coulomb'
make[2]: Entering directory '/home/craig/software/nwchemgpu/src/nwdft/coulomb'
make[2]: Nothing to be done for '/home/craig/software/nwchemgpu/lib/LINUX64/libnwdft.a'.
make[2]: Leaving directory '/home/craig/software/nwchemgpu/src/nwdft/coulomb'
make[2]: Entering directory '/home/craig/software/nwchemgpu/src/nwdft/coulomb'
make[2]: Leaving directory '/home/craig/software/nwchemgpu/src/nwdft/coulomb'
make[1]: Leaving directory '/home/craig/software/nwchemgpu/src/nwdft/coulomb'
Making all in xc
make[1]: Entering directory '/home/craig/software/nwchemgpu/src/nwdft/xc'
make[2]: Entering directory '/home/craig/software/nwchemgpu/src/nwdft/xc'
make[2]: Nothing to be done for '/home/craig/software/nwchemgpu/lib/LINUX64/libnwdft.a'.
make[2]: Leaving directory '/home/craig/software/nwchemgpu/src/nwdft/xc'
make[2]: Entering directory '/home/craig/software/nwchemgpu/src/nwdft/xc'
make[2]: Leaving directory '/home/craig/software/nwchemgpu/src/nwdft/xc'
make[1]: Leaving directory '/home/craig/software/nwchemgpu/src/nwdft/xc'
Making all in util
make[1]: Entering directory '/home/craig/software/nwchemgpu/src/nwdft/util'
make[2]: Entering directory '/home/craig/software/nwchemgpu/src/nwdft/util'
make[2]: Nothing to be done for '/home/craig/software/nwchemgpu/lib/LINUX64/libnwdft.a'.
make[2]: Leaving directory '/home/craig/software/nwchemgpu/src/nwdft/util'
make[2]: Entering directory '/home/craig/software/nwchemgpu/src/nwdft/util'
make[2]: Leaving directory '/home/craig/software/nwchemgpu/src/nwdft/util'
make[1]: Leaving directory '/home/craig/software/nwchemgpu/src/nwdft/util'
Making all in grid
make[1]: Entering directory '/home/craig/software/nwchemgpu/src/nwdft/grid'
make[2]: Entering directory '/home/craig/software/nwchemgpu/src/nwdft/grid'
make[2]: Nothing to be done for '/home/craig/software/nwchemgpu/lib/LINUX64/libnwdft.a'.
make[2]: Leaving directory '/home/craig/software/nwchemgpu/src/nwdft/grid'
make[2]: Entering directory '/home/craig/software/nwchemgpu/src/nwdft/grid'
make[2]: Leaving directory '/home/craig/software/nwchemgpu/src/nwdft/grid'
make[1]: Leaving directory '/home/craig/software/nwchemgpu/src/nwdft/grid'
Making all in dftgrad
make[1]: Entering directory '/home/craig/software/nwchemgpu/src/nwdft/dftgrad'
make[2]: Entering directory '/home/craig/software/nwchemgpu/src/nwdft/dftgrad'
make[2]: Nothing to be done for '/home/craig/software/nwchemgpu/lib/LINUX64/libnwdft.a'.
make[2]: Leaving directory '/home/craig/software/nwchemgpu/src/nwdft/dftgrad'
make[2]: Entering directory '/home/craig/software/nwchemgpu/src/nwdft/dftgrad'
make[2]: Leaving directory '/home/craig/software/nwchemgpu/src/nwdft/dftgrad'
make[1]: Leaving directory '/home/craig/software/nwchemgpu/src/nwdft/dftgrad'
Making all in lr_tddft
make[1]: Entering directory '/home/craig/software/nwchemgpu/src/nwdft/lr_tddft'
make[2]: Entering directory '/home/craig/software/nwchemgpu/src/nwdft/lr_tddft'
make[2]: Nothing to be done for '/home/craig/software/nwchemgpu/lib/LINUX64/libnwdft.a'.
make[2]: Leaving directory '/home/craig/software/nwchemgpu/src/nwdft/lr_tddft'
make[2]: Entering directory '/home/craig/software/nwchemgpu/src/nwdft/lr_tddft'
make[2]: Leaving directory '/home/craig/software/nwchemgpu/src/nwdft/lr_tddft'
make[1]: Leaving directory '/home/craig/software/nwchemgpu/src/nwdft/lr_tddft'
Making all in lr_tddft_grad
make[1]: Entering directory '/home/craig/software/nwchemgpu/src/nwdft/lr_tddft_grad'
make[2]: Entering directory '/home/craig/software/nwchemgpu/src/nwdft/lr_tddft_grad'
make[2]: Leaving directory '/home/craig/software/nwchemgpu/src/nwdft/lr_tddft_grad'
make[1]: Leaving directory '/home/craig/software/nwchemgpu/src/nwdft/lr_tddft_grad'
Making all in zora
make[1]: Entering directory '/home/craig/software/nwchemgpu/src/nwdft/zora'
make[2]: Entering directory '/home/craig/software/nwchemgpu/src/nwdft/zora'
make[2]: Nothing to be done for '/home/craig/software/nwchemgpu/lib/LINUX64/libnwdft.a'.
make[2]: Leaving directory '/home/craig/software/nwchemgpu/src/nwdft/zora'
make[2]: Entering directory '/home/craig/software/nwchemgpu/src/nwdft/zora'
make[2]: Leaving directory '/home/craig/software/nwchemgpu/src/nwdft/zora'
make[1]: Leaving directory '/home/craig/software/nwchemgpu/src/nwdft/zora'
Making all in spec
make[1]: Entering directory '/home/craig/software/nwchemgpu/src/nwdft/spec'
make[2]: Entering directory '/home/craig/software/nwchemgpu/src/nwdft/spec'
make[2]: Nothing to be done for '/home/craig/software/nwchemgpu/lib/LINUX64/libnwdft.a'.
make[2]: Leaving directory '/home/craig/software/nwchemgpu/src/nwdft/spec'
make[2]: Entering directory '/home/craig/software/nwchemgpu/src/nwdft/spec'
make[2]: Leaving directory '/home/craig/software/nwchemgpu/src/nwdft/spec'
make[1]: Leaving directory '/home/craig/software/nwchemgpu/src/nwdft/spec'
Making all in rt_tddft
make[1]: Entering directory '/home/craig/software/nwchemgpu/src/nwdft/rt_tddft'
Making all in matutils
make[2]: Entering directory '/home/craig/software/nwchemgpu/src/nwdft/rt_tddft/matutils'
make[3]: Entering directory '/home/craig/software/nwchemgpu/src/nwdft/rt_tddft/matutils'
make[3]: Leaving directory '/home/craig/software/nwchemgpu/src/nwdft/rt_tddft/matutils'
make[2]: Leaving directory '/home/craig/software/nwchemgpu/src/nwdft/rt_tddft/matutils'
Making all in rtutils
make[2]: Entering directory '/home/craig/software/nwchemgpu/src/nwdft/rt_tddft/rtutils'
make[3]: Entering directory '/home/craig/software/nwchemgpu/src/nwdft/rt_tddft/rtutils'
make[3]: Leaving directory '/home/craig/software/nwchemgpu/src/nwdft/rt_tddft/rtutils'
make[2]: Leaving directory '/home/craig/software/nwchemgpu/src/nwdft/rt_tddft/rtutils'
Making all in input
make[2]: Entering directory '/home/craig/software/nwchemgpu/src/nwdft/rt_tddft/input'
make[3]: Entering directory '/home/craig/software/nwchemgpu/src/nwdft/rt_tddft/input'
make[3]: Leaving directory '/home/craig/software/nwchemgpu/src/nwdft/rt_tddft/input'
make[2]: Leaving directory '/home/craig/software/nwchemgpu/src/nwdft/rt_tddft/input'
Making all in init
make[2]: Entering directory '/home/craig/software/nwchemgpu/src/nwdft/rt_tddft/init'
make[3]: Entering directory '/home/craig/software/nwchemgpu/src/nwdft/rt_tddft/init'
make[3]: Leaving directory '/home/craig/software/nwchemgpu/src/nwdft/rt_tddft/init'
make[2]: Leaving directory '/home/craig/software/nwchemgpu/src/nwdft/rt_tddft/init'
Making all in canorg
make[2]: Entering directory '/home/craig/software/nwchemgpu/src/nwdft/rt_tddft/canorg'
make[3]: Entering directory '/home/craig/software/nwchemgpu/src/nwdft/rt_tddft/canorg'
make[3]: Leaving directory '/home/craig/software/nwchemgpu/src/nwdft/rt_tddft/canorg'
make[2]: Leaving directory '/home/craig/software/nwchemgpu/src/nwdft/rt_tddft/canorg'
Making all in propagators
make[2]: Entering directory '/home/craig/software/nwchemgpu/src/nwdft/rt_tddft/propagators'
/home/craig/software/nwchemgpu/bin/LINUX64/depend.x -I../../include -I../../../ddscf -I/usr/lib/x86_64-linux-gnu/openmpi/lib/../../fortran/gfortran-mod-15/openmpi -I/usr/lib/x86_64-linux-gnu/openmpi/lib -I/home/craig/software/nwchem-7.3.1/src/tools/install/include  > dependencies
Compiling rttddft_gpu_ri.F...
make[3]: Entering directory '/home/craig/software/nwchemgpu/src/nwdft/rt_tddft/propagators'
Got lock on /home/craig/software/nwchemgpu/lib/LINUX64/libnwdft.lock
ar rU /home/craig/software/nwchemgpu/lib/LINUX64/libnwdft.a rttddft_gpu_ri.o
echo /home/craig/software/nwchemgpu/lib/LINUX64/libnwdft.a
/home/craig/software/nwchemgpu/lib/LINUX64/libnwdft.a
make[3]: Leaving directory '/home/craig/software/nwchemgpu/src/nwdft/rt_tddft/propagators'
make[2]: Leaving directory '/home/craig/software/nwchemgpu/src/nwdft/rt_tddft/propagators'
Making all in closedshell
make[2]: Entering directory '/home/craig/software/nwchemgpu/src/nwdft/rt_tddft/closedshell'
make[3]: Entering directory '/home/craig/software/nwchemgpu/src/nwdft/rt_tddft/closedshell'
make[3]: Leaving directory '/home/craig/software/nwchemgpu/src/nwdft/rt_tddft/closedshell'
make[2]: Leaving directory '/home/craig/software/nwchemgpu/src/nwdft/rt_tddft/closedshell'
Making all in openshell
make[2]: Entering directory '/home/craig/software/nwchemgpu/src/nwdft/rt_tddft/openshell'
make[3]: Entering directory '/home/craig/software/nwchemgpu/src/nwdft/rt_tddft/openshell'
make[3]: Leaving directory '/home/craig/software/nwchemgpu/src/nwdft/rt_tddft/openshell'
make[2]: Leaving directory '/home/craig/software/nwchemgpu/src/nwdft/rt_tddft/openshell'
make[2]: Entering directory '/home/craig/software/nwchemgpu/src/nwdft/rt_tddft'
make[2]: Leaving directory '/home/craig/software/nwchemgpu/src/nwdft/rt_tddft'
make[1]: Leaving directory '/home/craig/software/nwchemgpu/src/nwdft/rt_tddft'
Making all in libxc
make[1]: Entering directory '/home/craig/software/nwchemgpu/src/nwdft/libxc'
make[2]: Entering directory '/home/craig/software/nwchemgpu/src/nwdft/libxc'
make[2]: Nothing to be done for '/home/craig/software/nwchemgpu/lib/LINUX64/libnwdft.a'.
make[2]: Leaving directory '/home/craig/software/nwchemgpu/src/nwdft/libxc'
make[2]: Entering directory '/home/craig/software/nwchemgpu/src/nwdft/libxc'
make[2]: Leaving directory '/home/craig/software/nwchemgpu/src/nwdft/libxc'
make[1]: Leaving directory '/home/craig/software/nwchemgpu/src/nwdft/libxc'
Making all in x2c
make[1]: Entering directory '/home/craig/software/nwchemgpu/src/nwdft/x2c'
make[2]: Entering directory '/home/craig/software/nwchemgpu/src/nwdft/x2c'
make[2]: Leaving directory '/home/craig/software/nwchemgpu/src/nwdft/x2c'
make[1]: Leaving directory '/home/craig/software/nwchemgpu/src/nwdft/x2c'
make[1]: Entering directory '/home/craig/software/nwchemgpu/src/nwdft'
make[1]: Leaving directory '/home/craig/software/nwchemgpu/src/nwdft'
